<?xml version="1.0" encoding="UTF-8"?>
<!-- Generated by org.testng.reporters.JUnitReportReporter -->
<testsuite hostname="MAN-ARASAKI02" name="com.CRM.qa.testcases.LoginPageTest" tests="3" failures="0" timestamp="15 Mar 2018 15:26:35 GMT" time="33.243" errors="0">
  <testcase name="logintest" time="12.504" classname="com.CRM.qa.testcases.LoginPageTest"/>
  <testcase name="loginPageTitleTest" time="10.061" classname="com.CRM.qa.testcases.LoginPageTest"/>
  <testcase name="crmLogoImageTest" time="10.678" classname="com.CRM.qa.testcases.LoginPageTest"/>
</testsuite> <!-- com.CRM.qa.testcases.LoginPageTest -->
